Determining if the pthread_create exist failed with the following output:
Change Dir: /home/s1407937/voxowl/voxowl/build/CMakeFiles/CMakeTmp

Run Build Command:/usr/bin/gmake "cmTryCompileExec4077766080/fast"
/usr/bin/gmake -f CMakeFiles/cmTryCompileExec4077766080.dir/build.make CMakeFiles/cmTryCompileExec4077766080.dir/build
gmake[1]: Map '/home/s1407937/voxowl/voxowl/build/CMakeFiles/CMakeTmp' wordt binnengegaan
/usr/bin/cmake -E cmake_progress_report /home/s1407937/voxowl/voxowl/build/CMakeFiles/CMakeTmp/CMakeFiles 1
Building C object CMakeFiles/cmTryCompileExec4077766080.dir/CheckSymbolExists.c.o
/usr/bin/cc    -o CMakeFiles/cmTryCompileExec4077766080.dir/CheckSymbolExists.c.o   -c /home/s1407937/voxowl/voxowl/build/CMakeFiles/CMakeTmp/CheckSymbolExists.c
Linking C executable cmTryCompileExec4077766080
/usr/bin/cmake -E cmake_link_script CMakeFiles/cmTryCompileExec4077766080.dir/link.txt --verbose=1
/usr/bin/cc       CMakeFiles/cmTryCompileExec4077766080.dir/CheckSymbolExists.c.o  -o cmTryCompileExec4077766080 -rdynamic 
CMakeFiles/cmTryCompileExec4077766080.dir/CheckSymbolExists.c.o: In function `main':
CheckSymbolExists.c:(.text+0x16): undefined reference to `pthread_create'
collect2: fout: ld gaf exit-status 1 terug
gmake[1]: *** [cmTryCompileExec4077766080] Fout 1
gmake[1]: Map '/home/s1407937/voxowl/voxowl/build/CMakeFiles/CMakeTmp' wordt verlaten
gmake: *** [cmTryCompileExec4077766080/fast] Fout 2

File /home/s1407937/voxowl/voxowl/build/CMakeFiles/CMakeTmp/CheckSymbolExists.c:
/* */
#include <pthread.h>

int main(int argc, char** argv)
{
  (void)argv;
#ifndef pthread_create
  return ((int*)(&pthread_create))[argc];
#else
  (void)argc;
  return 0;
#endif
}

Determining if the function pthread_create exists in the pthreads failed with the following output:
Change Dir: /home/s1407937/voxowl/voxowl/build/CMakeFiles/CMakeTmp

Run Build Command:/usr/bin/gmake "cmTryCompileExec448014940/fast"
/usr/bin/gmake -f CMakeFiles/cmTryCompileExec448014940.dir/build.make CMakeFiles/cmTryCompileExec448014940.dir/build
gmake[1]: Map '/home/s1407937/voxowl/voxowl/build/CMakeFiles/CMakeTmp' wordt binnengegaan
/usr/bin/cmake -E cmake_progress_report /home/s1407937/voxowl/voxowl/build/CMakeFiles/CMakeTmp/CMakeFiles 1
Building C object CMakeFiles/cmTryCompileExec448014940.dir/CheckFunctionExists.c.o
/usr/bin/cc   -DCHECK_FUNCTION_EXISTS=pthread_create   -o CMakeFiles/cmTryCompileExec448014940.dir/CheckFunctionExists.c.o   -c /usr/share/cmake/Modules/CheckFunctionExists.c
Linking C executable cmTryCompileExec448014940
/usr/bin/cmake -E cmake_link_script CMakeFiles/cmTryCompileExec448014940.dir/link.txt --verbose=1
/usr/bin/cc   -DCHECK_FUNCTION_EXISTS=pthread_create    CMakeFiles/cmTryCompileExec448014940.dir/CheckFunctionExists.c.o  -o cmTryCompileExec448014940 -rdynamic -lpthreads 
/usr/bin/ld: cannot find -lpthreads
collect2: fout: ld gaf exit-status 1 terug
gmake[1]: *** [cmTryCompileExec448014940] Fout 1
gmake[1]: Map '/home/s1407937/voxowl/voxowl/build/CMakeFiles/CMakeTmp' wordt verlaten
gmake: *** [cmTryCompileExec448014940/fast] Fout 2


