mktextfm pplr9o
mktextfm pplr7t
mktextfm pplr7t
mktextfm pplr7t
mktextfm zplmr7m
mktextfm zplmr7m
mktextfm zplmr7m
mktextfm zplmr7y
mktextfm zplmr7y
mktextfm zplmr7y
mktextfm zplmr7v
mktextfm zplmr7v
mktextfm zplmr7v
mktextfm rsfs10
mktextfm rsfs10
mktextfm nullfont
mktextfm rsfs5
mktextfm zplmr7t
mktextfm zplmr7t
mktextfm zplmr7t
mktextfm pplr9o
mktextfm pplr9o
mktextfm pplb9o
mktextfm nullfont
mktextfm pplr9o
mktextfm pplr9o
mktextfm pplb9o
mktextfm nullfont
mktextfm pplr9o
mktextfm pplb9o
mktextfm nullfont
mktextfm pplb9o
mktextfm nullfont
mktextfm pplb9o
mktextfm nullfont
mktextfm pplri9o
mktextfm pplri9o
mktextfm nullfont
mktextfm pplr9o
mktextfm pplr7t
mktextfm pplr7t
mktextfm pplr7t
mktextfm zplmr7m
mktextfm zplmr7m
mktextfm zplmr7m
mktextfm zplmr7y
mktextfm zplmr7y
mktextfm zplmr7y
mktextfm zplmr7v
mktextfm zplmr7v
mktextfm zplmr7v
mktextfm rsfs10
mktextfm rsfs10
mktextfm nullfont
mktextfm rsfs5
mktextfm zplmr7t
mktextfm zplmr7t
mktextfm zplmr7t
mktextfm pplr9o
mktextfm pplr9o
mktextfm pplb9o
mktextfm nullfont
mktextfm pplr9o
mktextfm pplr9o
mktextfm pplb9o
mktextfm nullfont
mktextfm pplb9o
mktextfm nullfont
mktextfm pplr9o
mktextfm pplb9o
mktextfm nullfont
mktextfm pplb9o
mktextfm nullfont
mktextfm pplri9o
mktextfm pplri9o
mktextfm nullfont
mktextfm zplmr7m
mktextfm zplmr7m
mktextfm zplmr7m
mktextfm zplmr7y
mktextfm zplmr7y
mktextfm zplmr7y
mktextfm zplmr7v
mktextfm zplmr7v
mktextfm zplmr7v
mktextfm rsfs10
mktextfm rsfs10
mktextfm nullfont
mktextfm rsfs5
mktextfm zplmr7t
mktextfm zplmr7t
mktextfm zplmr7t
mktextfm fplmr
mktextfm fplmr
mktextfm fplmb
mktextfm fplmr
mktextfm fplmb
mktextfm fplmb
mktextfm fplmb
mktextfm fplmb
mktextfm fplmri
mktextfm fplmr
mktextfm rsfs10
mktextfm rsfs10
mktextfm nullfont
mktextfm rsfs5
